C:\Users\Ramachandran\Source\Repos\Angular\Angular2Demo\Angular2Demo\src\app\app.component.js
C:\Users\Ramachandran\Source\Repos\Angular\Angular2Demo\Angular2Demo\src\app\app.component.js.map
C:\Users\Ramachandran\Source\Repos\Angular\Angular2Demo\Angular2Demo\src\app\app.module.js
C:\Users\Ramachandran\Source\Repos\Angular\Angular2Demo\Angular2Demo\src\app\app.module.js.map
C:\Users\Ramachandran\Source\Repos\Angular\Angular2Demo\Angular2Demo\src\main.js
C:\Users\Ramachandran\Source\Repos\Angular\Angular2Demo\Angular2Demo\src\main.js.map
C:\Users\Ramachandran\Source\Repos\Angular\Angular2Demo\Angular2Demo\src\app\app.component.spec.js
C:\Users\Ramachandran\Source\Repos\Angular\Angular2Demo\Angular2Demo\src\app\app.component.spec.js.map
C:\Users\Ramachandran\Source\Repos\Angular\Angular2Demo\Angular2Demo\src\app\app.component.js
C:\Users\Ramachandran\Source\Repos\Angular\Angular2Demo\Angular2Demo\src\app\app.component.js.map
C:\Users\Ramachandran\Source\Repos\Angular\Angular2Demo\Angular2Demo\src\app\app.module.js
C:\Users\Ramachandran\Source\Repos\Angular\Angular2Demo\Angular2Demo\src\app\app.module.js.map
C:\Users\Ramachandran\Source\Repos\Angular\Angular2Demo\Angular2Demo\src\main.js
C:\Users\Ramachandran\Source\Repos\Angular\Angular2Demo\Angular2Demo\src\main.js.map
C:\Users\Ramachandran\Source\Repos\Angular\Angular2Demo\Angular2Demo\src\app\app.component.spec.js
C:\Users\Ramachandran\Source\Repos\Angular\Angular2Demo\Angular2Demo\src\app\app.component.spec.js.map
C:\Users\Ramachandran\Source\Repos\Angular\Angular2Demo\Angular2Demo\src\app\app.component.js
C:\Users\Ramachandran\Source\Repos\Angular\Angular2Demo\Angular2Demo\src\app\app.component.js.map
C:\Users\Ramachandran\Source\Repos\Angular\Angular2Demo\Angular2Demo\src\app\app.module.js
C:\Users\Ramachandran\Source\Repos\Angular\Angular2Demo\Angular2Demo\src\app\app.module.js.map
C:\Users\Ramachandran\Source\Repos\Angular\Angular2Demo\Angular2Demo\src\main.js
C:\Users\Ramachandran\Source\Repos\Angular\Angular2Demo\Angular2Demo\src\main.js.map
C:\Users\Ramachandran\Source\Repos\Angular\Angular2Demo\Angular2Demo\src\app\app.component.spec.js
C:\Users\Ramachandran\Source\Repos\Angular\Angular2Demo\Angular2Demo\src\app\app.component.spec.js.map
C:\Users\Ramachandran\Source\Repos\Angular\Angular2Demo\Angular2Demo\src\app\app.component.js
C:\Users\Ramachandran\Source\Repos\Angular\Angular2Demo\Angular2Demo\src\app\app.component.js.map
C:\Users\Ramachandran\Source\Repos\Angular\Angular2Demo\Angular2Demo\src\app\app.module.js
C:\Users\Ramachandran\Source\Repos\Angular\Angular2Demo\Angular2Demo\src\app\app.module.js.map
C:\Users\Ramachandran\Source\Repos\Angular\Angular2Demo\Angular2Demo\src\main.js
C:\Users\Ramachandran\Source\Repos\Angular\Angular2Demo\Angular2Demo\src\main.js.map
C:\Users\Ramachandran\Source\Repos\Angular\Angular2Demo\Angular2Demo\src\app\app.component.spec.js
C:\Users\Ramachandran\Source\Repos\Angular\Angular2Demo\Angular2Demo\src\app\app.component.spec.js.map
C:\Users\Ramachandran\Source\Repos\Angular\Angular2Demo\Angular2Demo\src\app\app.component.js
C:\Users\Ramachandran\Source\Repos\Angular\Angular2Demo\Angular2Demo\src\app\app.component.js.map
C:\Users\Ramachandran\Source\Repos\Angular\Angular2Demo\Angular2Demo\src\app\app.module.js
C:\Users\Ramachandran\Source\Repos\Angular\Angular2Demo\Angular2Demo\src\app\app.module.js.map
C:\Users\Ramachandran\Source\Repos\Angular\Angular2Demo\Angular2Demo\src\main.js
C:\Users\Ramachandran\Source\Repos\Angular\Angular2Demo\Angular2Demo\src\main.js.map
C:\Users\Ramachandran\Source\Repos\Angular\Angular2Demo\Angular2Demo\src\app\app.component.spec.js
C:\Users\Ramachandran\Source\Repos\Angular\Angular2Demo\Angular2Demo\src\app\app.component.spec.js.map
C:\Users\Ramachandran\Source\Repos\Angular\Angular2Demo\Angular2Demo\src\app\app.component.js
C:\Users\Ramachandran\Source\Repos\Angular\Angular2Demo\Angular2Demo\src\app\app.component.js.map
C:\Users\Ramachandran\Source\Repos\Angular\Angular2Demo\Angular2Demo\src\app\app.module.js
C:\Users\Ramachandran\Source\Repos\Angular\Angular2Demo\Angular2Demo\src\app\app.module.js.map
C:\Users\Ramachandran\Source\Repos\Angular\Angular2Demo\Angular2Demo\src\main.js
C:\Users\Ramachandran\Source\Repos\Angular\Angular2Demo\Angular2Demo\src\main.js.map
C:\Users\Ramachandran\Source\Repos\Angular\Angular2Demo\Angular2Demo\src\app\app.component.spec.js
C:\Users\Ramachandran\Source\Repos\Angular\Angular2Demo\Angular2Demo\src\app\app.component.spec.js.map
C:\Users\Ramachandran\Source\Repos\Angular\Angular2Demo\Angular2Demo\src\app\app.component.js
C:\Users\Ramachandran\Source\Repos\Angular\Angular2Demo\Angular2Demo\src\app\app.component.js.map
C:\Users\Ramachandran\Source\Repos\Angular\Angular2Demo\Angular2Demo\src\app\app.module.js
C:\Users\Ramachandran\Source\Repos\Angular\Angular2Demo\Angular2Demo\src\app\app.module.js.map
C:\Users\Ramachandran\Source\Repos\Angular\Angular2Demo\Angular2Demo\src\main.js
C:\Users\Ramachandran\Source\Repos\Angular\Angular2Demo\Angular2Demo\src\main.js.map
C:\Users\Ramachandran\Source\Repos\Angular\Angular2Demo\Angular2Demo\src\app\app.component.spec.js
C:\Users\Ramachandran\Source\Repos\Angular\Angular2Demo\Angular2Demo\src\app\app.component.spec.js.map
C:\Users\Ramachandran\Source\Repos\Angular\Angular2Demo\Angular2Demo\src\app\app.component.js
C:\Users\Ramachandran\Source\Repos\Angular\Angular2Demo\Angular2Demo\src\app\app.component.js.map
C:\Users\Ramachandran\Source\Repos\Angular\Angular2Demo\Angular2Demo\src\app\app.module.js
C:\Users\Ramachandran\Source\Repos\Angular\Angular2Demo\Angular2Demo\src\app\app.module.js.map
C:\Users\Ramachandran\Source\Repos\Angular\Angular2Demo\Angular2Demo\src\main.js
C:\Users\Ramachandran\Source\Repos\Angular\Angular2Demo\Angular2Demo\src\main.js.map
C:\Users\Ramachandran\Source\Repos\Angular\Angular2Demo\Angular2Demo\src\app\app.component.spec.js
C:\Users\Ramachandran\Source\Repos\Angular\Angular2Demo\Angular2Demo\src\app\app.component.spec.js.map
C:\Users\Ramachandran\Source\Repos\Angular\Angular2Demo\Angular2Demo\src\app\app.component.js
C:\Users\Ramachandran\Source\Repos\Angular\Angular2Demo\Angular2Demo\src\app\app.component.js.map
C:\Users\Ramachandran\Source\Repos\Angular\Angular2Demo\Angular2Demo\src\app\app.module.js
C:\Users\Ramachandran\Source\Repos\Angular\Angular2Demo\Angular2Demo\src\app\app.module.js.map
C:\Users\Ramachandran\Source\Repos\Angular\Angular2Demo\Angular2Demo\src\main.js
C:\Users\Ramachandran\Source\Repos\Angular\Angular2Demo\Angular2Demo\src\main.js.map
C:\Users\Ramachandran\Source\Repos\Angular\Angular2Demo\Angular2Demo\src\app\app.component.spec.js
C:\Users\Ramachandran\Source\Repos\Angular\Angular2Demo\Angular2Demo\src\app\app.component.spec.js.map
C:\Users\Ramachandran\Source\Repos\Angular\Angular2Demo\Angular2Demo\src\app\app.component.js
C:\Users\Ramachandran\Source\Repos\Angular\Angular2Demo\Angular2Demo\src\app\app.component.js.map
C:\Users\Ramachandran\Source\Repos\Angular\Angular2Demo\Angular2Demo\src\app\app.module.js
C:\Users\Ramachandran\Source\Repos\Angular\Angular2Demo\Angular2Demo\src\app\app.module.js.map
C:\Users\Ramachandran\Source\Repos\Angular\Angular2Demo\Angular2Demo\src\main.js
C:\Users\Ramachandran\Source\Repos\Angular\Angular2Demo\Angular2Demo\src\main.js.map
C:\Users\Ramachandran\Source\Repos\Angular\Angular2Demo\Angular2Demo\src\app\app.component.spec.js
C:\Users\Ramachandran\Source\Repos\Angular\Angular2Demo\Angular2Demo\src\app\app.component.spec.js.map
C:\Users\Ramachandran\Source\Repos\Angular\Angular2Demo\Angular2Demo\src\app\Employee\employee.component.js
C:\Users\Ramachandran\Source\Repos\Angular\Angular2Demo\Angular2Demo\src\app\Employee\employee.component.js.map
C:\Users\Ramachandran\Source\Repos\Angular\Angular2Demo\Angular2Demo\src\app\app.component.js
C:\Users\Ramachandran\Source\Repos\Angular\Angular2Demo\Angular2Demo\src\app\app.component.js.map
C:\Users\Ramachandran\Source\Repos\Angular\Angular2Demo\Angular2Demo\src\app\Employee\employee.component.js
C:\Users\Ramachandran\Source\Repos\Angular\Angular2Demo\Angular2Demo\src\app\Employee\employee.component.js.map
C:\Users\Ramachandran\Source\Repos\Angular\Angular2Demo\Angular2Demo\src\app\app.module.js
C:\Users\Ramachandran\Source\Repos\Angular\Angular2Demo\Angular2Demo\src\app\app.module.js.map
C:\Users\Ramachandran\Source\Repos\Angular\Angular2Demo\Angular2Demo\src\main.js
C:\Users\Ramachandran\Source\Repos\Angular\Angular2Demo\Angular2Demo\src\main.js.map
C:\Users\Ramachandran\Source\Repos\Angular\Angular2Demo\Angular2Demo\src\app\app.component.spec.js
C:\Users\Ramachandran\Source\Repos\Angular\Angular2Demo\Angular2Demo\src\app\app.component.spec.js.map
C:\Users\Ramachandran\Source\Repos\Angular\Angular2Demo\Angular2Demo\src\app\app.component.js
C:\Users\Ramachandran\Source\Repos\Angular\Angular2Demo\Angular2Demo\src\app\app.component.js.map
C:\Users\Ramachandran\Source\Repos\Angular\Angular2Demo\Angular2Demo\src\app\Employee\employee.component.js
C:\Users\Ramachandran\Source\Repos\Angular\Angular2Demo\Angular2Demo\src\app\Employee\employee.component.js.map
C:\Users\Ramachandran\Source\Repos\Angular\Angular2Demo\Angular2Demo\src\app\app.module.js
C:\Users\Ramachandran\Source\Repos\Angular\Angular2Demo\Angular2Demo\src\app\app.module.js.map
C:\Users\Ramachandran\Source\Repos\Angular\Angular2Demo\Angular2Demo\src\main.js
C:\Users\Ramachandran\Source\Repos\Angular\Angular2Demo\Angular2Demo\src\main.js.map
C:\Users\Ramachandran\Source\Repos\Angular\Angular2Demo\Angular2Demo\src\app\app.component.spec.js
C:\Users\Ramachandran\Source\Repos\Angular\Angular2Demo\Angular2Demo\src\app\app.component.spec.js.map
C:\Users\Ramachandran\Source\Repos\Angular\Angular2Demo\Angular2Demo\src\app\app.component.js
C:\Users\Ramachandran\Source\Repos\Angular\Angular2Demo\Angular2Demo\src\app\app.component.js.map
C:\Users\Ramachandran\Source\Repos\Angular\Angular2Demo\Angular2Demo\src\app\Employee\employee.component.js
C:\Users\Ramachandran\Source\Repos\Angular\Angular2Demo\Angular2Demo\src\app\Employee\employee.component.js.map
C:\Users\Ramachandran\Source\Repos\Angular\Angular2Demo\Angular2Demo\src\app\app.module.js
C:\Users\Ramachandran\Source\Repos\Angular\Angular2Demo\Angular2Demo\src\app\app.module.js.map
C:\Users\Ramachandran\Source\Repos\Angular\Angular2Demo\Angular2Demo\src\main.js
C:\Users\Ramachandran\Source\Repos\Angular\Angular2Demo\Angular2Demo\src\main.js.map
C:\Users\Ramachandran\Source\Repos\Angular\Angular2Demo\Angular2Demo\src\app\app.component.spec.js
C:\Users\Ramachandran\Source\Repos\Angular\Angular2Demo\Angular2Demo\src\app\app.component.spec.js.map
